Added Component: Designator=C?(CAP-ALU-SMD-G)
Add component. Clean all parameters for all variants
Add component (AddParameter): Name = "LatestRevisionDate"; Value = "17-Jul-2002"; VariantName = "[No Variations]"
Add component (AddParameter): Name = "LatestRevisionNote"; Value = "Re-released for DXP Platform."; VariantName = "[No Variations]"
Add component (AddParameter): Name = "PackageReference"; Value = "POLAR0.8"; VariantName = "[No Variations]"
Add component (AddParameter): Name = "Published"; Value = "8-Jun-2000"; VariantName = "[No Variations]"
Add component (AddParameter): Name = "Publisher"; Value = "Altium Limited"; VariantName = "[No Variations]"
Added Pin To Net: NetName=7V6 Pin=C?-1
Added Pin To Net: NetName=GND Pin=C?-2
Added Member To Class: ClassName=Hard_Node Member=Component ? S4
Added Member To Class: ClassName=Hard_Node Member=Component C? 100nF
Added Member To Class: ClassName=Hard_Node Member=Component C? 220uF
Added Member To Class: ClassName=Hard_Node Member=Component C? 470uF/35V
Added Member To Class: ClassName=Hard_Node Member=Component C? 100nF
Added Member To Class: ClassName=Hard_Node Member=Component C? 22uF
Added Member To Class: ClassName=Hard_Node Member=Component C? 22uF
Added Member To Class: ClassName=Hard_Node Member=Component C? 100nF
Added Member To Class: ClassName=Hard_Node Member=Component C? 100nF
Added Member To Class: ClassName=Hard_Node Member=Component C? 100nF
Added Member To Class: ClassName=Hard_Node Member=Component C? 100nF
Added Member To Class: ClassName=Hard_Node Member=Component C? 100nF
Added Member To Class: ClassName=Hard_Node Member=Component C? 100nF
Added Member To Class: ClassName=Hard_Node Member=Component JDC? Adapter
Added Member To Class: ClassName=Hard_Node Member=Component Switch? SK12D07VG4
Added Room: Name=Hard_Node
