Removed Pin From Net: NetName=ESP_TXEN Pin=U1-23
Removed Pin From Net: NetName=ESP_RXEN Pin=U1-24
Change Component Comment : Designator=C4 Old Comment=10uF New Comment=100nF
Change component parameters: Designator = "SX1"; Footprint = "E32-400M30S"; UniqueID = "\ZQCZAABW"
Change component parameters. Clean all parameters for all variants
Change component parameters (AddParameter): Name = "Add into BOM"; Value = "yes"; VariantName = "[No Variations]"
Change component parameters (AddParameter): Name = "Convert to PCB"; Value = "yes"; VariantName = "[No Variations]"
Change component parameters (AddParameter): Name = "Datasheet"; Value = "https://atta.szlcsc.com/upload/public/pdf/source/20220120/94D33D6D180E48FAF7662385DA0CD224.pdf"; VariantName = "[No Variations]"
Change component parameters (AddParameter): Name = "Device"; Value = "E32-400M30S"; VariantName = "[No Variations]"
Change component parameters (AddParameter): Name = "JLCPCB Part Class"; Value = "Extended Part"; VariantName = "[No Variations]"
Change component parameters (AddParameter): Name = "LCSC Part Name"; Value = "433MHz LORA??????SX1276 SX1278??????SPI 1W 30dbm"; VariantName = "[No Variations]"
Change component parameters (AddParameter): Name = "Manufacturer"; Value = "EBYTE(???)"; VariantName = "[No Variations]"
Change component parameters (AddParameter): Name = "Manufacturer Part"; Value = "E32-400M30S"; VariantName = "[No Variations]"
Change component parameters (AddParameter): Name = "Supplier"; Value = "LCSC"; VariantName = "[No Variations]"
Change component parameters (AddParameter): Name = "Supplier Footprint"; Value = "SMD,24x38.5mm"; VariantName = "[No Variations]"
Change component parameters (AddParameter): Name = "Supplier Part"; Value = "C2965515"; VariantName = "[No Variations]"
Change component parameters (AddParameter): Name = "Symbol"; Value = "E32-400M30S"; VariantName = "[No Variations]"
Change component parameters: Designator = "SX1278"; Footprint = "E32-400M30S"; UniqueID = "\BACBRNOM"
Change component parameters. Clean all parameters for all variants
Change component parameters (AddParameter): Name = "Add into BOM"; Value = "yes"; VariantName = "[No Variations]"
Change component parameters (AddParameter): Name = "Convert to PCB"; Value = "yes"; VariantName = "[No Variations]"
Change component parameters (AddParameter): Name = "Datasheet"; Value = "https://atta.szlcsc.com/upload/public/pdf/source/20220120/94D33D6D180E48FAF7662385DA0CD224.pdf"; VariantName = "[No Variations]"
Change component parameters (AddParameter): Name = "Device"; Value = "E32-400M30S"; VariantName = "[No Variations]"
Change component parameters (AddParameter): Name = "JLCPCB Part Class"; Value = "Extended Part"; VariantName = "[No Variations]"
Change component parameters (AddParameter): Name = "LCSC Part Name"; Value = "433MHz LORA??????SX1276 SX1278??????SPI 1W 30dbm"; VariantName = "[No Variations]"
Change component parameters (AddParameter): Name = "Manufacturer"; Value = "EBYTE(???)"; VariantName = "[No Variations]"
Change component parameters (AddParameter): Name = "Manufacturer Part"; Value = "E32-400M30S"; VariantName = "[No Variations]"
Change component parameters (AddParameter): Name = "Supplier"; Value = "LCSC"; VariantName = "[No Variations]"
Change component parameters (AddParameter): Name = "Supplier Footprint"; Value = "SMD,24x38.5mm"; VariantName = "[No Variations]"
Change component parameters (AddParameter): Name = "Supplier Part"; Value = "C2965515"; VariantName = "[No Variations]"
Change component parameters (AddParameter): Name = "Symbol"; Value = "E32-400M30S"; VariantName = "[No Variations]"
Added Pin To Net: NetName=ESP_RXEN Pin=U1-23
Added Pin To Net: NetName=ESP_TXEN Pin=U1-24
Added Room: Name=Hard_Node
